<?xml version="1.0" encoding="UTF-8" ?>
<testsuite tests="1" failures="1" name="com.mycompany.mavenproject2.MainAppTest" time="4.594" errors="0" skipped="0">
  <properties>
[...]
</properties>
  <testcase classname="com.mycompany.mavenproject2.MainAppTest" name="testMain" time="4.5">
    <failure message="The test case is a prototype." type="java.lang.AssertionError">java.lang.AssertionError: The test case is a prototype.
	at org.junit.Assert.fail(Assert.java:88)
	at com.mycompany.mavenproject2.MainAppTest.testMain(MainAppTest.java:49)
	at sun.reflect.NativeMethodAccessorImpl.invoke0(Native Method)
	at sun.reflect.NativeMethodAccessorImpl.invoke(NativeMethodAccessorImpl.java:62)
	at sun.reflect.DelegatingMethodAccessorImpl.invoke(DelegatingMethodAccessorImpl.java:43)
	at java.lang.reflect.Method.invoke(Method.java:498)
	at org.junit.runners.model.FrameworkMethod$1.runReflectiveCall(FrameworkMethod.java:50)
	at org.junit.internal.runners.model.ReflectiveCallable.run(ReflectiveCallable.java:12)
	at org.junit.runners.model.FrameworkMethod.invokeExplosively(FrameworkMethod.java:47)
	at org.junit.internal.runners.statements.InvokeMethod.evaluate(InvokeMethod.java:17)
	at org.junit.internal.runners.statements.RunBefores.evaluate(RunBefores.java:26)
	at org.junit.internal.runners.statements.RunAfters.evaluate(RunAfters.java:27)
	at org.junit.runners.ParentRunner.runLeaf(ParentRunner.java:325)
	at org.junit.runners.BlockJUnit4ClassRunner.runChild(BlockJUnit4ClassRunner.java:78)
	at org.junit.runners.BlockJUnit4ClassRunner.runChild(BlockJUnit4ClassRunner.java:57)
	at org.junit.runners.ParentRunner$3.run(ParentRunner.java:290)
	at org.junit.runners.ParentRunner$1.schedule(ParentRunner.java:71)
	at org.junit.runners.ParentRunner.runChildren(ParentRunner.java:288)
	at org.junit.runners.ParentRunner.access$000(ParentRunner.java:58)
	at org.junit.runners.ParentRunner$2.evaluate(ParentRunner.java:268)
	at org.junit.internal.runners.statements.RunBefores.evaluate(RunBefores.java:26)
	at org.junit.internal.runners.statements.RunAfters.evaluate(RunAfters.java:27)
	at org.junit.runners.ParentRunner.run(ParentRunner.java:363)
	at org.apache.maven.surefire.junit4.JUnit4TestSet.execute(JUnit4TestSet.java:53)
	at org.apache.maven.surefire.junit4.JUnit4Provider.executeTestSet(JUnit4Provider.java:123)
	at org.apache.maven.surefire.junit4.JUnit4Provider.invoke(JUnit4Provider.java:104)
	at sun.reflect.NativeMethodAccessorImpl.invoke0(Native Method)
	at sun.reflect.NativeMethodAccessorImpl.invoke(NativeMethodAccessorImpl.java:62)
	at sun.reflect.DelegatingMethodAccessorImpl.invoke(DelegatingMethodAccessorImpl.java:43)
	at java.lang.reflect.Method.invoke(Method.java:498)
	at org.apache.maven.surefire.util.ReflectionUtils.invokeMethodWithArray(ReflectionUtils.java:164)
	at org.apache.maven.surefire.booter.ProviderFactory$ProviderProxy.invoke(ProviderFactory.java:110)
	at org.apache.maven.surefire.booter.SurefireStarter.invokeProvider(SurefireStarter.java:175)
	at org.apache.maven.surefire.booter.SurefireStarter.runSuitesInProcessWhenForked(SurefireStarter.java:107)
	at org.apache.maven.surefire.booter.ForkedBooter.main(ForkedBooter.java:68)
</failure>
    <system-out>main
------Records Creation--------
Created Quiz = 11*2
Created Quiz = 14*2
Created Quiz = 10-5
------Listing Multiple Records--------
ID : 1, question : Zara, Answer : 11
ID : 2, question : Nuha, Answer : 20
ID : 3, question : Ayan, Answer : 15
ID : 4, question : Zara, Answer : 11
ID : 5, question : Nuha, Answer : 2
ID : 6, question : Ayan, Answer : 15
ID : 7, question : Zara, Answer : 11
ID : 8, question : Nuha, Answer : 2
ID : 9, question : Ayan, Answer : 15
ID : 10, question : 11*2, Answer : 22
ID : 11, question : 11*2, Answer : 22
ID : 12, question : 14*2, Answer : 28
ID : 13, question : 10-5, Answer : 5
ID : 14, question : 11*2, Answer : 22
ID : 15, question : 14*2, Answer : 28
ID : 16, question : 10-5, Answer : 5
ID : 17, question : 11*2, Answer : 22
ID : 18, question : 14*2, Answer : 28
ID : 19, question : 10-5, Answer : 5
ID : 20, question : 11*2, Answer : 22
ID : 21, question : 14*2, Answer : 28
ID : 22, question : 10-5, Answer : 5
ID : 23, question : 11*2, Answer : 22
ID : 24, question : 14*2, Answer : 28
ID : 25, question : 10-5, Answer : 5
----Updating Record with ID = 2 -----
Updated Record with ID = 2
----Listing Record with ID = 2 -----
ID : 2, Name : Nuha, Age : 20
</system-out>
    <system-err>Dec 22, 2017 11:30:06 AM org.springframework.context.support.ClassPathXmlApplicationContext prepareRefresh
INFO: Refreshing org.springframework.context.support.ClassPathXmlApplicationContext@591f989e: startup date [Fri Dec 22 11:30:06 PKT 2017]; root of context hierarchy
Dec 22, 2017 11:30:06 AM org.springframework.beans.factory.xml.XmlBeanDefinitionReader loadBeanDefinitions
INFO: Loading XML bean definitions from class path resource [Beans.xml]
Dec 22, 2017 11:30:06 AM org.springframework.jdbc.datasource.DriverManagerDataSource setDriverClassName
INFO: Loaded JDBC driver: com.mysql.jdbc.Driver
</system-err>
  </testcase>
</testsuite>